[0.015s] Invoking command in '/home/jacksonaguiar/ponderada2/build/cartographer_launchers': /home/jacksonaguiar/.local/bin/cmake /home/jacksonaguiar/ponderada2/src/cartographer_launchers -DCMAKE_INSTALL_PREFIX=/home/jacksonaguiar/ponderada2/install/cartographer_launchers
[0.396s] -- The C compiler identification is GNU 11.3.0
[2.118s] -- The CXX compiler identification is GNU 11.3.0
[3.426s] -- Detecting C compiler ABI info
[3.801s] -- Detecting C compiler ABI info - done
[3.813s] -- Check for working C compiler: /usr/bin/cc - skipped
[3.813s] -- Detecting C compile features
[3.813s] -- Detecting C compile features - done
[3.817s] -- Detecting CXX compiler ABI info
[4.199s] -- Detecting CXX compiler ABI info - done
[4.210s] -- Check for working CXX compiler: /usr/bin/c++ - skipped
[4.210s] -- Detecting CXX compile features
[4.211s] -- Detecting CXX compile features - done
[4.213s] -- Found ament_cmake: 1.3.4 (/opt/ros/humble/share/ament_cmake/cmake)
[12.455s] -- Found Python3: /usr/bin/python3.10 (found version "3.10.6") found components: Interpreter 
[12.530s] -- Found rclcpp: 16.0.4 (/opt/ros/humble/share/rclcpp/cmake)
[12.943s] -- Found rosidl_generator_c: 3.1.4 (/opt/ros/humble/share/rosidl_generator_c/cmake)
[12.948s] -- Found rosidl_adapter: 3.1.4 (/opt/ros/humble/share/rosidl_adapter/cmake)
[12.957s] -- Found rosidl_generator_cpp: 3.1.4 (/opt/ros/humble/share/rosidl_generator_cpp/cmake)
[12.971s] -- Using all available rosidl_typesupport_c: rosidl_typesupport_fastrtps_c;rosidl_typesupport_introspection_c
[12.992s] -- Using all available rosidl_typesupport_cpp: rosidl_typesupport_fastrtps_cpp;rosidl_typesupport_introspection_cpp
[13.183s] -- Found rmw_implementation_cmake: 6.1.1 (/opt/ros/humble/share/rmw_implementation_cmake/cmake)
[13.186s] -- Found rmw_fastrtps_cpp: 6.2.2 (/opt/ros/humble/share/rmw_fastrtps_cpp/cmake)
[16.283s] -- Found OpenSSL: /usr/lib/x86_64-linux-gnu/libcrypto.so (found version "3.0.2")  
[19.708s] -- Found FastRTPS: /opt/ros/humble/include  
[26.513s] -- Using RMW implementation 'rmw_fastrtps_cpp' as default
[26.523s] -- Performing Test CMAKE_HAVE_LIBC_PTHREAD
[26.899s] -- Performing Test CMAKE_HAVE_LIBC_PTHREAD - Success
[26.900s] -- Found Threads: TRUE  
[30.384s] [31mCMake Error at CMakeLists.txt:7 (find_package):
[30.384s]   By not providing "Findlaunch.cmake" in CMAKE_MODULE_PATH this project has
[30.384s]   asked CMake to find a package configuration file provided by "launch", but
[30.384s]   CMake did not find one.
[30.384s] 
[30.384s]   Could not find a package configuration file provided by "launch" with any
[30.384s]   of the following names:
[30.385s] 
[30.385s]     launchConfig.cmake
[30.385s]     launch-config.cmake
[30.385s] 
[30.385s]   Add the installation prefix of "launch" to CMAKE_PREFIX_PATH or set
[30.385s]   "launch_DIR" to a directory containing one of the above files.  If "launch"
[30.385s]   provides a separate development package or SDK, be sure it has been
[30.385s]   installed.
[30.385s] 
[30.385s] [0m
[30.385s] -- Configuring incomplete, errors occurred!
[30.398s] Invoked command in '/home/jacksonaguiar/ponderada2/build/cartographer_launchers' returned '1': /home/jacksonaguiar/.local/bin/cmake /home/jacksonaguiar/ponderada2/src/cartographer_launchers -DCMAKE_INSTALL_PREFIX=/home/jacksonaguiar/ponderada2/install/cartographer_launchers
