[0.017s] Invoking command in '/home/jacksonaguiar/ponderada2/build/cartographer_launchers': /home/jacksonaguiar/.local/bin/cmake /home/jacksonaguiar/ponderada2/src/cartographer_launchers -DCMAKE_INSTALL_PREFIX=/home/jacksonaguiar/ponderada2/install/cartographer_launchers
[0.043s] -- Found ament_cmake: 1.3.4 (/opt/ros/humble/share/ament_cmake/cmake)
[0.136s] -- Found rclcpp: 16.0.4 (/opt/ros/humble/share/rclcpp/cmake)
[0.588s] -- Found rosidl_generator_c: 3.1.4 (/opt/ros/humble/share/rosidl_generator_c/cmake)
[0.592s] -- Found rosidl_adapter: 3.1.4 (/opt/ros/humble/share/rosidl_adapter/cmake)
[0.601s] -- Found rosidl_generator_cpp: 3.1.4 (/opt/ros/humble/share/rosidl_generator_cpp/cmake)
[0.618s] -- Using all available rosidl_typesupport_c: rosidl_typesupport_fastrtps_c;rosidl_typesupport_introspection_c
[0.641s] -- Using all available rosidl_typesupport_cpp: rosidl_typesupport_fastrtps_cpp;rosidl_typesupport_introspection_cpp
[0.889s] -- Found rmw_implementation_cmake: 6.1.1 (/opt/ros/humble/share/rmw_implementation_cmake/cmake)
[0.892s] -- Found rmw_fastrtps_cpp: 6.2.2 (/opt/ros/humble/share/rmw_fastrtps_cpp/cmake)
[12.881s] -- Using RMW implementation 'rmw_fastrtps_cpp' as default
[13.086s] Error parsing '/home/jacksonaguiar/ponderada2/src/cartographer_launchers/package.xml':
[13.123s] Traceback (most recent call last):
[13.123s]   File "/opt/ros/humble/share/ament_cmake_core/cmake/core/package_xml_2_cmake.py", line 150, in <module>
[13.123s]     main()
[13.123s]   File "/opt/ros/humble/share/ament_cmake_core/cmake/core/package_xml_2_cmake.py", line 53, in main
[13.123s]     raise e
[13.124s]   File "/opt/ros/humble/share/ament_cmake_core/cmake/core/package_xml_2_cmake.py", line 49, in main
[13.124s]     package = parse_package_string(
[13.124s]   File "/usr/lib/python3/dist-packages/catkin_pkg/package.py", line 788, in parse_package_string
[13.124s]     pkg.validate(warnings=warnings)
[13.124s]   File "/usr/lib/python3/dist-packages/catkin_pkg/package.py", line 330, in validate
[13.124s]     raise InvalidPackage('\n'.join(errors), self.filename)
[13.124s] catkin_pkg.package.InvalidPackage: Error(s) in package '/home/jacksonaguiar/ponderada2/src/cartographer_launchers/package.xml':
[13.124s] Invalid email "jacksonwsaguiar" for person "jacksonaguiar"
[13.135s] [31mCMake Error at /opt/ros/humble/share/ament_cmake_core/cmake/core/ament_package_xml.cmake:95 (message):
[13.135s]   execute_process(/usr/bin/python3.10
[13.135s]   /opt/ros/humble/share/ament_cmake_core/cmake/core/package_xml_2_cmake.py
[13.135s]   /home/jacksonaguiar/ponderada2/src/cartographer_launchers/package.xml
[13.136s]   /home/jacksonaguiar/ponderada2/build/cartographer_launchers/ament_cmake_core/package.cmake)
[13.136s]   returned error code 1
[13.136s] Call Stack (most recent call first):
[13.137s]   /opt/ros/humble/share/ament_cmake_core/cmake/core/ament_package_xml.cmake:49 (_ament_package_xml)
[13.137s]   /opt/ros/humble/share/ament_cmake_core/cmake/core/ament_package.cmake:63 (ament_package_xml)
[13.137s]   CMakeLists.txt:17 (ament_package)
[13.137s] 
[13.137s] [0m
[13.137s] -- Configuring incomplete, errors occurred!
[13.148s] Invoked command in '/home/jacksonaguiar/ponderada2/build/cartographer_launchers' returned '1': /home/jacksonaguiar/.local/bin/cmake /home/jacksonaguiar/ponderada2/src/cartographer_launchers -DCMAKE_INSTALL_PREFIX=/home/jacksonaguiar/ponderada2/install/cartographer_launchers
