[0.527s] Invoking command in '/home/jacksonaguiar/ponderada2/src/cartographer_launchers': PYTHONPATH=/home/jacksonaguiar/ponderada2/build/cartographer_launchers/prefix_override:/home/jacksonaguiar/ponderada2/install/cartographer_launchers/lib/python3.10/site-packages:${PYTHONPATH} /usr/bin/python3 setup.py egg_info --egg-base ../../build/cartographer_launchers build --build-base /home/jacksonaguiar/ponderada2/build/cartographer_launchers/build install --record /home/jacksonaguiar/ponderada2/build/cartographer_launchers/install.log --single-version-externally-managed
[0.731s] running egg_info
[0.732s] writing ../../build/cartographer_launchers/cartographer_launchers.egg-info/PKG-INFO
[0.733s] writing dependency_links to ../../build/cartographer_launchers/cartographer_launchers.egg-info/dependency_links.txt
[0.734s] writing entry points to ../../build/cartographer_launchers/cartographer_launchers.egg-info/entry_points.txt
[0.734s] writing requirements to ../../build/cartographer_launchers/cartographer_launchers.egg-info/requires.txt
[0.734s] writing top-level names to ../../build/cartographer_launchers/cartographer_launchers.egg-info/top_level.txt
[0.736s] reading manifest file '../../build/cartographer_launchers/cartographer_launchers.egg-info/SOURCES.txt'
[0.737s] writing manifest file '../../build/cartographer_launchers/cartographer_launchers.egg-info/SOURCES.txt'
[0.737s] running build
[0.738s] running build_py
[0.738s] running install
[0.738s] running install_lib
[0.739s] running install_data
[0.740s] running install_egg_info
[0.741s] removing '/home/jacksonaguiar/ponderada2/install/cartographer_launchers/lib/python3.10/site-packages/cartographer_launchers-0.0.0-py3.10.egg-info' (and everything under it)
[0.741s] Copying ../../build/cartographer_launchers/cartographer_launchers.egg-info to /home/jacksonaguiar/ponderada2/install/cartographer_launchers/lib/python3.10/site-packages/cartographer_launchers-0.0.0-py3.10.egg-info
[0.742s] running install_scripts
[0.757s] writing list of installed files to '/home/jacksonaguiar/ponderada2/build/cartographer_launchers/install.log'
[0.777s] Invoked command in '/home/jacksonaguiar/ponderada2/src/cartographer_launchers' returned '0': PYTHONPATH=/home/jacksonaguiar/ponderada2/build/cartographer_launchers/prefix_override:/home/jacksonaguiar/ponderada2/install/cartographer_launchers/lib/python3.10/site-packages:${PYTHONPATH} /usr/bin/python3 setup.py egg_info --egg-base ../../build/cartographer_launchers build --build-base /home/jacksonaguiar/ponderada2/build/cartographer_launchers/build install --record /home/jacksonaguiar/ponderada2/build/cartographer_launchers/install.log --single-version-externally-managed
