[0.016s] Invoking command in '/home/jacksonaguiar/ponderada2/build/cartographer_launchers': /home/jacksonaguiar/.local/bin/cmake /home/jacksonaguiar/ponderada2/src/cartographer_launchers -DCMAKE_INSTALL_PREFIX=/home/jacksonaguiar/ponderada2/install/cartographer_launchers
[0.044s] -- Found ament_cmake: 1.3.4 (/opt/ros/humble/share/ament_cmake/cmake)
[0.144s] -- Found rclcpp: 16.0.4 (/opt/ros/humble/share/rclcpp/cmake)
[0.578s] -- Found rosidl_generator_c: 3.1.4 (/opt/ros/humble/share/rosidl_generator_c/cmake)
[0.581s] -- Found rosidl_adapter: 3.1.4 (/opt/ros/humble/share/rosidl_adapter/cmake)
[0.588s] -- Found rosidl_generator_cpp: 3.1.4 (/opt/ros/humble/share/rosidl_generator_cpp/cmake)
[0.606s] -- Using all available rosidl_typesupport_c: rosidl_typesupport_fastrtps_c;rosidl_typesupport_introspection_c
[0.631s] -- Using all available rosidl_typesupport_cpp: rosidl_typesupport_fastrtps_cpp;rosidl_typesupport_introspection_cpp
[0.854s] -- Found rmw_implementation_cmake: 6.1.1 (/opt/ros/humble/share/rmw_implementation_cmake/cmake)
[0.856s] -- Found rmw_fastrtps_cpp: 6.2.2 (/opt/ros/humble/share/rmw_fastrtps_cpp/cmake)
[14.656s] -- Using RMW implementation 'rmw_fastrtps_cpp' as default
[18.203s] [31mCMake Error at CMakeLists.txt:7 (find_package):
[18.203s]   By not providing "Findlaunch.cmake" in CMAKE_MODULE_PATH this project has
[18.203s]   asked CMake to find a package configuration file provided by "launch", but
[18.203s]   CMake did not find one.
[18.203s] 
[18.203s]   Could not find a package configuration file provided by "launch" with any
[18.204s]   of the following names:
[18.204s] 
[18.204s]     launchConfig.cmake
[18.204s]     launch-config.cmake
[18.204s] 
[18.204s]   Add the installation prefix of "launch" to CMAKE_PREFIX_PATH or set
[18.204s]   "launch_DIR" to a directory containing one of the above files.  If "launch"
[18.204s]   provides a separate development package or SDK, be sure it has been
[18.204s]   installed.
[18.204s] 
[18.204s] [0m
[18.204s] -- Configuring incomplete, errors occurred!
[18.219s] Invoked command in '/home/jacksonaguiar/ponderada2/build/cartographer_launchers' returned '1': /home/jacksonaguiar/.local/bin/cmake /home/jacksonaguiar/ponderada2/src/cartographer_launchers -DCMAKE_INSTALL_PREFIX=/home/jacksonaguiar/ponderada2/install/cartographer_launchers
