[0.583s] Invoking command in '/home/jacksonaguiar/ponderada2/src/cartographer_launchers': PYTHONPATH=/home/jacksonaguiar/ponderada2/build/cartographer_launchers/prefix_override:/home/jacksonaguiar/ponderada2/install/cartographer_launchers/lib/python3.10/site-packages:${PYTHONPATH} /usr/bin/python3 setup.py egg_info --egg-base ../../build/cartographer_launchers build --build-base /home/jacksonaguiar/ponderada2/build/cartographer_launchers/build install --record /home/jacksonaguiar/ponderada2/build/cartographer_launchers/install.log --single-version-externally-managed
[0.799s] running egg_info
[0.799s] creating ../../build/cartographer_launchers/cartographer_launchers.egg-info
[0.800s] writing ../../build/cartographer_launchers/cartographer_launchers.egg-info/PKG-INFO
[0.800s] writing dependency_links to ../../build/cartographer_launchers/cartographer_launchers.egg-info/dependency_links.txt
[0.801s] writing entry points to ../../build/cartographer_launchers/cartographer_launchers.egg-info/entry_points.txt
[0.801s] writing requirements to ../../build/cartographer_launchers/cartographer_launchers.egg-info/requires.txt
[0.801s] writing top-level names to ../../build/cartographer_launchers/cartographer_launchers.egg-info/top_level.txt
[0.802s] writing manifest file '../../build/cartographer_launchers/cartographer_launchers.egg-info/SOURCES.txt'
[0.803s] reading manifest file '../../build/cartographer_launchers/cartographer_launchers.egg-info/SOURCES.txt'
[0.805s] writing manifest file '../../build/cartographer_launchers/cartographer_launchers.egg-info/SOURCES.txt'
[0.805s] running build
[0.805s] running build_py
[0.805s] creating /home/jacksonaguiar/ponderada2/build/cartographer_launchers/build
[0.806s] creating /home/jacksonaguiar/ponderada2/build/cartographer_launchers/build/lib
[0.806s] creating /home/jacksonaguiar/ponderada2/build/cartographer_launchers/build/lib/cartographer_launchers
[0.806s] copying cartographer_launchers/__init__.py -> /home/jacksonaguiar/ponderada2/build/cartographer_launchers/build/lib/cartographer_launchers
[0.807s] running install
[0.807s] running install_lib
[0.807s] creating /home/jacksonaguiar/ponderada2/install/cartographer_launchers/lib/python3.10/site-packages/cartographer_launchers
[0.808s] copying /home/jacksonaguiar/ponderada2/build/cartographer_launchers/build/lib/cartographer_launchers/__init__.py -> /home/jacksonaguiar/ponderada2/install/cartographer_launchers/lib/python3.10/site-packages/cartographer_launchers
[0.808s] byte-compiling /home/jacksonaguiar/ponderada2/install/cartographer_launchers/lib/python3.10/site-packages/cartographer_launchers/__init__.py to __init__.cpython-310.pyc
[0.809s] running install_data
[0.809s] creating /home/jacksonaguiar/ponderada2/install/cartographer_launchers/share
[0.810s] creating /home/jacksonaguiar/ponderada2/install/cartographer_launchers/share/ament_index
[0.810s] creating /home/jacksonaguiar/ponderada2/install/cartographer_launchers/share/ament_index/resource_index
[0.810s] creating /home/jacksonaguiar/ponderada2/install/cartographer_launchers/share/ament_index/resource_index/packages
[0.810s] copying resource/cartographer_launchers -> /home/jacksonaguiar/ponderada2/install/cartographer_launchers/share/ament_index/resource_index/packages
[0.811s] creating /home/jacksonaguiar/ponderada2/install/cartographer_launchers/share/cartographer_launchers
[0.811s] copying package.xml -> /home/jacksonaguiar/ponderada2/install/cartographer_launchers/share/cartographer_launchers
[0.811s] running install_egg_info
[0.812s] Copying ../../build/cartographer_launchers/cartographer_launchers.egg-info to /home/jacksonaguiar/ponderada2/install/cartographer_launchers/lib/python3.10/site-packages/cartographer_launchers-0.0.0-py3.10.egg-info
[0.813s] running install_scripts
[0.829s] writing list of installed files to '/home/jacksonaguiar/ponderada2/build/cartographer_launchers/install.log'
[0.854s] Invoked command in '/home/jacksonaguiar/ponderada2/src/cartographer_launchers' returned '0': PYTHONPATH=/home/jacksonaguiar/ponderada2/build/cartographer_launchers/prefix_override:/home/jacksonaguiar/ponderada2/install/cartographer_launchers/lib/python3.10/site-packages:${PYTHONPATH} /usr/bin/python3 setup.py egg_info --egg-base ../../build/cartographer_launchers build --build-base /home/jacksonaguiar/ponderada2/build/cartographer_launchers/build install --record /home/jacksonaguiar/ponderada2/build/cartographer_launchers/install.log --single-version-externally-managed
