[0.582s] DEBUG:colcon:Command line arguments: ['/usr/bin/colcon', 'build']
[0.582s] DEBUG:colcon:Parsed command line arguments: Namespace(log_base=None, log_level=None, verb_name='build', build_base='build', install_base='install', merge_install=False, symlink_install=False, test_result_base=None, continue_on_error=False, executor='parallel', parallel_workers=8, event_handlers=None, ignore_user_meta=False, metas=['./colcon.meta'], base_paths=['.'], packages_ignore=None, packages_ignore_regex=None, paths=None, packages_up_to=None, packages_up_to_regex=None, packages_above=None, packages_above_and_dependencies=None, packages_above_depth=None, packages_select_by_dep=None, packages_skip_by_dep=None, packages_skip_up_to=None, packages_select_build_failed=False, packages_skip_build_finished=False, packages_select_test_failures=False, packages_skip_test_passed=False, packages_select=None, packages_skip=None, packages_select_regex=None, packages_skip_regex=None, packages_start=None, packages_end=None, allow_overriding=[], cmake_args=None, cmake_target=None, cmake_target_skip_unavailable=False, cmake_clean_cache=False, cmake_clean_first=False, cmake_force_configure=False, ament_cmake_args=None, catkin_cmake_args=None, catkin_skip_building_tests=False, verb_parser=<colcon_defaults.argument_parser.defaults.DefaultArgumentsDecorator object at 0x7fc037986950>, verb_extension=<colcon_core.verb.build.BuildVerb object at 0x7fc0379863e0>, main=<bound method BuildVerb.main of <colcon_core.verb.build.BuildVerb object at 0x7fc0379863e0>>)
[0.600s] Level 1:colcon.colcon_core.package_discovery:discover_packages(colcon_meta) check parameters
[0.600s] Level 1:colcon.colcon_core.package_discovery:discover_packages(recursive) check parameters
[0.600s] Level 1:colcon.colcon_core.package_discovery:discover_packages(ignore) check parameters
[0.600s] Level 1:colcon.colcon_core.package_discovery:discover_packages(path) check parameters
[0.600s] Level 1:colcon.colcon_core.package_discovery:discover_packages(colcon_meta) discover
[0.601s] Level 1:colcon.colcon_core.package_discovery:discover_packages(recursive) discover
[0.601s] INFO:colcon.colcon_core.package_discovery:Crawling recursively for packages in '/home/jacksonaguiar/ponderada2'
[0.601s] Level 1:colcon.colcon_core.package_identification:_identify(.) by extensions ['ignore', 'ignore_ament_install']
[0.601s] Level 1:colcon.colcon_core.package_identification:_identify(.) by extension 'ignore'
[0.601s] Level 1:colcon.colcon_core.package_identification:_identify(.) by extension 'ignore_ament_install'
[0.601s] Level 1:colcon.colcon_core.package_identification:_identify(.) by extensions ['colcon_pkg']
[0.601s] Level 1:colcon.colcon_core.package_identification:_identify(.) by extension 'colcon_pkg'
[0.601s] Level 1:colcon.colcon_core.package_identification:_identify(.) by extensions ['colcon_meta']
[0.601s] Level 1:colcon.colcon_core.package_identification:_identify(.) by extension 'colcon_meta'
[0.601s] Level 1:colcon.colcon_core.package_identification:_identify(.) by extensions ['ros']
[0.601s] Level 1:colcon.colcon_core.package_identification:_identify(.) by extension 'ros'
[0.611s] Level 1:colcon.colcon_core.package_identification:_identify(.) by extensions ['cmake', 'python']
[0.611s] Level 1:colcon.colcon_core.package_identification:_identify(.) by extension 'cmake'
[0.611s] Level 1:colcon.colcon_core.package_identification:_identify(.) by extension 'python'
[0.611s] Level 1:colcon.colcon_core.package_identification:_identify(.) by extensions ['python_setup_py']
[0.611s] Level 1:colcon.colcon_core.package_identification:_identify(.) by extension 'python_setup_py'
[0.611s] Level 1:colcon.colcon_core.package_identification:_identify(build) by extensions ['ignore', 'ignore_ament_install']
[0.611s] Level 1:colcon.colcon_core.package_identification:_identify(build) by extension 'ignore'
[0.611s] Level 1:colcon.colcon_core.package_identification:_identify(build) ignored
[0.611s] Level 1:colcon.colcon_core.package_identification:_identify(install) by extensions ['ignore', 'ignore_ament_install']
[0.611s] Level 1:colcon.colcon_core.package_identification:_identify(install) by extension 'ignore'
[0.611s] Level 1:colcon.colcon_core.package_identification:_identify(install) ignored
[0.611s] Level 1:colcon.colcon_core.package_identification:_identify(log) by extensions ['ignore', 'ignore_ament_install']
[0.611s] Level 1:colcon.colcon_core.package_identification:_identify(log) by extension 'ignore'
[0.612s] Level 1:colcon.colcon_core.package_identification:_identify(log) ignored
[0.612s] Level 1:colcon.colcon_core.package_identification:_identify(src) by extensions ['ignore', 'ignore_ament_install']
[0.612s] Level 1:colcon.colcon_core.package_identification:_identify(src) by extension 'ignore'
[0.612s] Level 1:colcon.colcon_core.package_identification:_identify(src) by extension 'ignore_ament_install'
[0.612s] Level 1:colcon.colcon_core.package_identification:_identify(src) by extensions ['colcon_pkg']
[0.612s] Level 1:colcon.colcon_core.package_identification:_identify(src) by extension 'colcon_pkg'
[0.612s] Level 1:colcon.colcon_core.package_identification:_identify(src) by extensions ['colcon_meta']
[0.612s] Level 1:colcon.colcon_core.package_identification:_identify(src) by extension 'colcon_meta'
[0.612s] Level 1:colcon.colcon_core.package_identification:_identify(src) by extensions ['ros']
[0.612s] Level 1:colcon.colcon_core.package_identification:_identify(src) by extension 'ros'
[0.612s] Level 1:colcon.colcon_core.package_identification:_identify(src) by extensions ['cmake', 'python']
[0.612s] Level 1:colcon.colcon_core.package_identification:_identify(src) by extension 'cmake'
[0.612s] Level 1:colcon.colcon_core.package_identification:_identify(src) by extension 'python'
[0.612s] Level 1:colcon.colcon_core.package_identification:_identify(src) by extensions ['python_setup_py']
[0.612s] Level 1:colcon.colcon_core.package_identification:_identify(src) by extension 'python_setup_py'
[0.612s] Level 1:colcon.colcon_core.package_identification:_identify(src/build) by extensions ['ignore', 'ignore_ament_install']
[0.612s] Level 1:colcon.colcon_core.package_identification:_identify(src/build) by extension 'ignore'
[0.612s] Level 1:colcon.colcon_core.package_identification:_identify(src/build) ignored
[0.612s] Level 1:colcon.colcon_core.package_identification:_identify(src/cartographer_launchers) by extensions ['ignore', 'ignore_ament_install']
[0.612s] Level 1:colcon.colcon_core.package_identification:_identify(src/cartographer_launchers) by extension 'ignore'
[0.612s] Level 1:colcon.colcon_core.package_identification:_identify(src/cartographer_launchers) by extension 'ignore_ament_install'
[0.612s] Level 1:colcon.colcon_core.package_identification:_identify(src/cartographer_launchers) by extensions ['colcon_pkg']
[0.612s] Level 1:colcon.colcon_core.package_identification:_identify(src/cartographer_launchers) by extension 'colcon_pkg'
[0.613s] Level 1:colcon.colcon_core.package_identification:_identify(src/cartographer_launchers) by extensions ['colcon_meta']
[0.613s] Level 1:colcon.colcon_core.package_identification:_identify(src/cartographer_launchers) by extension 'colcon_meta'
[0.613s] Level 1:colcon.colcon_core.package_identification:_identify(src/cartographer_launchers) by extensions ['ros']
[0.613s] Level 1:colcon.colcon_core.package_identification:_identify(src/cartographer_launchers) by extension 'ros'
[0.614s] DEBUG:colcon.colcon_core.package_identification:Package 'src/cartographer_launchers' with type 'ros.ament_python' and name 'cartographer_launchers'
[0.614s] Level 1:colcon.colcon_core.package_identification:_identify(src/install) by extensions ['ignore', 'ignore_ament_install']
[0.615s] Level 1:colcon.colcon_core.package_identification:_identify(src/install) by extension 'ignore'
[0.615s] Level 1:colcon.colcon_core.package_identification:_identify(src/install) ignored
[0.615s] Level 1:colcon.colcon_core.package_identification:_identify(src/log) by extensions ['ignore', 'ignore_ament_install']
[0.615s] Level 1:colcon.colcon_core.package_identification:_identify(src/log) by extension 'ignore'
[0.615s] Level 1:colcon.colcon_core.package_identification:_identify(src/log) ignored
[0.615s] Level 1:colcon.colcon_core.package_discovery:discover_packages(recursive) using defaults
[0.615s] Level 1:colcon.colcon_core.package_discovery:discover_packages(ignore) discover
[0.615s] Level 1:colcon.colcon_core.package_discovery:discover_packages(ignore) using defaults
[0.615s] Level 1:colcon.colcon_core.package_discovery:discover_packages(path) discover
[0.615s] Level 1:colcon.colcon_core.package_discovery:discover_packages(path) using defaults
[0.633s] Level 1:colcon.colcon_core.package_discovery:discover_packages(prefix_path) check parameters
[0.633s] Level 1:colcon.colcon_core.package_discovery:discover_packages(prefix_path) discover
[0.635s] DEBUG:colcon.colcon_installed_package_information.package_discovery:Found 1 installed packages in /home/jacksonaguiar/ponderada2/install
[0.636s] DEBUG:colcon.colcon_installed_package_information.package_discovery:Found 3 installed packages in /home/jacksonaguiar/turtlebot3_ws/install
[0.637s] DEBUG:colcon.colcon_installed_package_information.package_discovery:Found 1 installed packages in /home/jacksonaguiar/Questoes-Trabalhos-Inteli-M6/ponderada4/workspace/install
[0.637s] DEBUG:colcon.colcon_installed_package_information.package_discovery:Found 1 installed packages in /home/jacksonaguiar/Questoes-Trabalhos-Inteli-M6/ponderada3/workspace/install
[0.638s] DEBUG:colcon.colcon_installed_package_information.package_discovery:Found 1 installed packages in /home/jacksonaguiar/Questoes-Trabalhos-Inteli-M6/ponderada2/workspace/install
[0.639s] DEBUG:colcon.colcon_installed_package_information.package_discovery:Found 376 installed packages in /opt/ros/humble
[0.641s] Level 1:colcon.colcon_core.package_discovery:discover_packages(prefix_path) using defaults
[0.693s] Level 5:colcon.colcon_core.verb:set package 'cartographer_launchers' build argument 'cmake_args' from command line to 'None'
[0.693s] Level 5:colcon.colcon_core.verb:set package 'cartographer_launchers' build argument 'cmake_target' from command line to 'None'
[0.693s] Level 5:colcon.colcon_core.verb:set package 'cartographer_launchers' build argument 'cmake_target_skip_unavailable' from command line to 'False'
[0.693s] Level 5:colcon.colcon_core.verb:set package 'cartographer_launchers' build argument 'cmake_clean_cache' from command line to 'False'
[0.693s] Level 5:colcon.colcon_core.verb:set package 'cartographer_launchers' build argument 'cmake_clean_first' from command line to 'False'
[0.693s] Level 5:colcon.colcon_core.verb:set package 'cartographer_launchers' build argument 'cmake_force_configure' from command line to 'False'
[0.693s] Level 5:colcon.colcon_core.verb:set package 'cartographer_launchers' build argument 'ament_cmake_args' from command line to 'None'
[0.693s] Level 5:colcon.colcon_core.verb:set package 'cartographer_launchers' build argument 'catkin_cmake_args' from command line to 'None'
[0.693s] Level 5:colcon.colcon_core.verb:set package 'cartographer_launchers' build argument 'catkin_skip_building_tests' from command line to 'False'
[0.693s] DEBUG:colcon.colcon_core.verb:Building package 'cartographer_launchers' with the following arguments: {'ament_cmake_args': None, 'build_base': '/home/jacksonaguiar/ponderada2/build/cartographer_launchers', 'catkin_cmake_args': None, 'catkin_skip_building_tests': False, 'cmake_args': None, 'cmake_clean_cache': False, 'cmake_clean_first': False, 'cmake_force_configure': False, 'cmake_target': None, 'cmake_target_skip_unavailable': False, 'install_base': '/home/jacksonaguiar/ponderada2/install/cartographer_launchers', 'merge_install': False, 'path': '/home/jacksonaguiar/ponderada2/src/cartographer_launchers', 'symlink_install': False, 'test_result_base': None}
[0.694s] INFO:colcon.colcon_core.executor:Executing jobs using 'parallel' executor
[0.697s] DEBUG:colcon.colcon_parallel_executor.executor.parallel:run_until_complete
[0.697s] INFO:colcon.colcon_ros.task.ament_python.build:Building ROS package in '/home/jacksonaguiar/ponderada2/src/cartographer_launchers' with build type 'ament_python'
[0.697s] Level 1:colcon.colcon_core.shell:create_environment_hook('cartographer_launchers', 'ament_prefix_path')
[0.701s] INFO:colcon.colcon_core.plugin_system:Skipping extension 'colcon_core.shell.bat': Not used on non-Windows systems
[0.701s] INFO:colcon.colcon_core.shell:Creating environment hook '/home/jacksonaguiar/ponderada2/install/cartographer_launchers/share/cartographer_launchers/hook/ament_prefix_path.ps1'
[0.702s] INFO:colcon.colcon_core.shell:Creating environment descriptor '/home/jacksonaguiar/ponderada2/install/cartographer_launchers/share/cartographer_launchers/hook/ament_prefix_path.dsv'
[0.702s] INFO:colcon.colcon_core.shell:Creating environment hook '/home/jacksonaguiar/ponderada2/install/cartographer_launchers/share/cartographer_launchers/hook/ament_prefix_path.sh'
[0.703s] INFO:colcon.colcon_core.shell:Skip shell extension 'powershell' for command environment: Not usable outside of PowerShell
[0.703s] DEBUG:colcon.colcon_core.shell:Skip shell extension 'dsv' for command environment
[1.005s] INFO:colcon.colcon_core.task.python.build:Building Python package in '/home/jacksonaguiar/ponderada2/src/cartographer_launchers'
[1.007s] INFO:colcon.colcon_core.shell:Skip shell extension 'powershell' for command environment: Not usable outside of PowerShell
[1.007s] DEBUG:colcon.colcon_core.shell:Skip shell extension 'dsv' for command environment
[1.315s] DEBUG:colcon.colcon_core.event_handler.log_command:Invoking command in '/home/jacksonaguiar/ponderada2/src/cartographer_launchers': PYTHONPATH=/home/jacksonaguiar/ponderada2/build/cartographer_launchers/prefix_override:/home/jacksonaguiar/ponderada2/install/cartographer_launchers/lib/python3.10/site-packages:${PYTHONPATH} /usr/bin/python3 setup.py egg_info --egg-base ../../build/cartographer_launchers build --build-base /home/jacksonaguiar/ponderada2/build/cartographer_launchers/build install --record /home/jacksonaguiar/ponderada2/build/cartographer_launchers/install.log --single-version-externally-managed
[1.563s] DEBUG:colcon.colcon_core.event_handler.log_command:Invoked command in '/home/jacksonaguiar/ponderada2/src/cartographer_launchers' returned '0': PYTHONPATH=/home/jacksonaguiar/ponderada2/build/cartographer_launchers/prefix_override:/home/jacksonaguiar/ponderada2/install/cartographer_launchers/lib/python3.10/site-packages:${PYTHONPATH} /usr/bin/python3 setup.py egg_info --egg-base ../../build/cartographer_launchers build --build-base /home/jacksonaguiar/ponderada2/build/cartographer_launchers/build install --record /home/jacksonaguiar/ponderada2/build/cartographer_launchers/install.log --single-version-externally-managed
[1.567s] Level 1:colcon.colcon_core.environment:checking '/home/jacksonaguiar/ponderada2/install/cartographer_launchers' for CMake module files
[1.568s] Level 1:colcon.colcon_core.environment:checking '/home/jacksonaguiar/ponderada2/install/cartographer_launchers' for CMake config files
[1.568s] Level 1:colcon.colcon_core.environment:checking '/home/jacksonaguiar/ponderada2/install/cartographer_launchers/lib'
[1.569s] Level 1:colcon.colcon_core.environment:checking '/home/jacksonaguiar/ponderada2/install/cartographer_launchers/bin'
[1.569s] Level 1:colcon.colcon_core.environment:checking '/home/jacksonaguiar/ponderada2/install/cartographer_launchers/lib/pkgconfig/cartographer_launchers.pc'
[1.569s] Level 1:colcon.colcon_core.environment:checking '/home/jacksonaguiar/ponderada2/install/cartographer_launchers/lib/python3.10/site-packages'
[1.569s] Level 1:colcon.colcon_core.shell:create_environment_hook('cartographer_launchers', 'pythonpath')
[1.570s] INFO:colcon.colcon_core.shell:Creating environment hook '/home/jacksonaguiar/ponderada2/install/cartographer_launchers/share/cartographer_launchers/hook/pythonpath.ps1'
[1.570s] INFO:colcon.colcon_core.shell:Creating environment descriptor '/home/jacksonaguiar/ponderada2/install/cartographer_launchers/share/cartographer_launchers/hook/pythonpath.dsv'
[1.571s] INFO:colcon.colcon_core.shell:Creating environment hook '/home/jacksonaguiar/ponderada2/install/cartographer_launchers/share/cartographer_launchers/hook/pythonpath.sh'
[1.571s] Level 1:colcon.colcon_core.environment:checking '/home/jacksonaguiar/ponderada2/install/cartographer_launchers/bin'
[1.571s] Level 1:colcon.colcon_core.environment:create_environment_scripts_only(cartographer_launchers)
[1.572s] INFO:colcon.colcon_core.shell:Creating package script '/home/jacksonaguiar/ponderada2/install/cartographer_launchers/share/cartographer_launchers/package.ps1'
[1.573s] INFO:colcon.colcon_core.shell:Creating package descriptor '/home/jacksonaguiar/ponderada2/install/cartographer_launchers/share/cartographer_launchers/package.dsv'
[1.573s] INFO:colcon.colcon_core.shell:Creating package script '/home/jacksonaguiar/ponderada2/install/cartographer_launchers/share/cartographer_launchers/package.sh'
[1.574s] INFO:colcon.colcon_core.shell:Creating package script '/home/jacksonaguiar/ponderada2/install/cartographer_launchers/share/cartographer_launchers/package.bash'
[1.574s] INFO:colcon.colcon_core.shell:Creating package script '/home/jacksonaguiar/ponderada2/install/cartographer_launchers/share/cartographer_launchers/package.zsh'
[1.575s] Level 1:colcon.colcon_core.environment:create_file_with_runtime_dependencies(/home/jacksonaguiar/ponderada2/install/cartographer_launchers/share/colcon-core/packages/cartographer_launchers)
[1.575s] DEBUG:colcon.colcon_parallel_executor.executor.parallel:closing loop
[1.576s] DEBUG:colcon.colcon_parallel_executor.executor.parallel:loop closed
[1.576s] DEBUG:colcon.colcon_parallel_executor.executor.parallel:run_until_complete finished with '0'
[1.576s] DEBUG:colcon.colcon_core.event_reactor:joining thread
[1.740s] INFO:colcon.colcon_core.plugin_system:Skipping extension 'colcon_notification.desktop_notification.notify_send': Could not find 'notify-send'
[1.740s] INFO:colcon.colcon_core.plugin_system:Skipping extension 'colcon_notification.desktop_notification.terminal_notifier': Not used on non-Darwin systems
[1.741s] INFO:colcon.colcon_core.plugin_system:Skipping extension 'colcon_notification.desktop_notification.win32': Not used on non-Windows systems
[1.741s] INFO:colcon.colcon_notification.desktop_notification:Sending desktop notification using 'notify2'
[1.747s] DEBUG:colcon.colcon_notification.desktop_notification.notify2:Failed to initialize notify2: org.freedesktop.DBus.Error.ServiceUnknown: The name org.freedesktop.Notifications was not provided by any .service files
[1.747s] DEBUG:colcon.colcon_core.event_reactor:joined thread
[1.749s] INFO:colcon.colcon_core.shell:Creating prefix script '/home/jacksonaguiar/ponderada2/install/local_setup.ps1'
[1.750s] INFO:colcon.colcon_core.shell:Creating prefix util module '/home/jacksonaguiar/ponderada2/install/_local_setup_util_ps1.py'
[1.751s] INFO:colcon.colcon_core.shell:Creating prefix chain script '/home/jacksonaguiar/ponderada2/install/setup.ps1'
[1.752s] INFO:colcon.colcon_core.shell:Creating prefix script '/home/jacksonaguiar/ponderada2/install/local_setup.sh'
[1.753s] INFO:colcon.colcon_core.shell:Creating prefix util module '/home/jacksonaguiar/ponderada2/install/_local_setup_util_sh.py'
[1.753s] INFO:colcon.colcon_core.shell:Creating prefix chain script '/home/jacksonaguiar/ponderada2/install/setup.sh'
[1.754s] INFO:colcon.colcon_core.shell:Creating prefix script '/home/jacksonaguiar/ponderada2/install/local_setup.bash'
[1.755s] INFO:colcon.colcon_core.shell:Creating prefix chain script '/home/jacksonaguiar/ponderada2/install/setup.bash'
[1.756s] INFO:colcon.colcon_core.shell:Creating prefix script '/home/jacksonaguiar/ponderada2/install/local_setup.zsh'
[1.756s] INFO:colcon.colcon_core.shell:Creating prefix chain script '/home/jacksonaguiar/ponderada2/install/setup.zsh'
