[0.016s] Invoking command in '/home/jacksonaguiar/ponderada2/build/cartographer_launchers': /home/jacksonaguiar/.local/bin/cmake /home/jacksonaguiar/ponderada2/src/cartographer_launchers -DCMAKE_INSTALL_PREFIX=/home/jacksonaguiar/ponderada2/install/cartographer_launchers
[0.043s] -- Found ament_cmake: 1.3.4 (/opt/ros/humble/share/ament_cmake/cmake)
[0.144s] -- Found rclcpp: 16.0.4 (/opt/ros/humble/share/rclcpp/cmake)
[0.622s] -- Found rosidl_generator_c: 3.1.4 (/opt/ros/humble/share/rosidl_generator_c/cmake)
[0.626s] -- Found rosidl_adapter: 3.1.4 (/opt/ros/humble/share/rosidl_adapter/cmake)
[0.636s] -- Found rosidl_generator_cpp: 3.1.4 (/opt/ros/humble/share/rosidl_generator_cpp/cmake)
[0.653s] -- Using all available rosidl_typesupport_c: rosidl_typesupport_fastrtps_c;rosidl_typesupport_introspection_c
[0.678s] -- Using all available rosidl_typesupport_cpp: rosidl_typesupport_fastrtps_cpp;rosidl_typesupport_introspection_cpp
[0.923s] -- Found rmw_implementation_cmake: 6.1.1 (/opt/ros/humble/share/rmw_implementation_cmake/cmake)
[0.925s] -- Found rmw_fastrtps_cpp: 6.2.2 (/opt/ros/humble/share/rmw_fastrtps_cpp/cmake)
[15.637s] -- Using RMW implementation 'rmw_fastrtps_cpp' as default
[15.892s] Error parsing '/home/jacksonaguiar/ponderada2/src/cartographer_launchers/package.xml':
[15.961s] Traceback (most recent call last):
[15.961s]   File "/opt/ros/humble/share/ament_cmake_core/cmake/core/package_xml_2_cmake.py", line 150, in <module>
[15.961s]     main()
[15.961s]   File "/opt/ros/humble/share/ament_cmake_core/cmake/core/package_xml_2_cmake.py", line 53, in main
[15.961s]     raise e
[15.961s]   File "/opt/ros/humble/share/ament_cmake_core/cmake/core/package_xml_2_cmake.py", line 49, in main
[15.961s]     package = parse_package_string(
[15.961s]   File "/usr/lib/python3/dist-packages/catkin_pkg/package.py", line 788, in parse_package_string
[15.962s]     pkg.validate(warnings=warnings)
[15.962s]   File "/usr/lib/python3/dist-packages/catkin_pkg/package.py", line 330, in validate
[15.962s]     raise InvalidPackage('\n'.join(errors), self.filename)
[15.962s] catkin_pkg.package.InvalidPackage: Error(s) in package '/home/jacksonaguiar/ponderada2/src/cartographer_launchers/package.xml':
[15.962s] Invalid email "jacksonwsaguiar" for person "jacksonaguiar"
[15.977s] [31mCMake Error at /opt/ros/humble/share/ament_cmake_core/cmake/core/ament_package_xml.cmake:95 (message):
[15.977s]   execute_process(/usr/bin/python3.10
[15.977s]   /opt/ros/humble/share/ament_cmake_core/cmake/core/package_xml_2_cmake.py
[15.977s]   /home/jacksonaguiar/ponderada2/src/cartographer_launchers/package.xml
[15.977s]   /home/jacksonaguiar/ponderada2/build/cartographer_launchers/ament_cmake_core/package.cmake)
[15.978s]   returned error code 1
[15.978s] Call Stack (most recent call first):
[15.978s]   /opt/ros/humble/share/ament_cmake_core/cmake/core/ament_package_xml.cmake:49 (_ament_package_xml)
[15.978s]   /opt/ros/humble/share/ament_cmake_core/cmake/core/ament_package.cmake:63 (ament_package_xml)
[15.978s]   CMakeLists.txt:17 (ament_package)
[15.978s] 
[15.978s] [0m
[15.978s] -- Configuring incomplete, errors occurred!
[15.989s] Invoked command in '/home/jacksonaguiar/ponderada2/build/cartographer_launchers' returned '1': /home/jacksonaguiar/.local/bin/cmake /home/jacksonaguiar/ponderada2/src/cartographer_launchers -DCMAKE_INSTALL_PREFIX=/home/jacksonaguiar/ponderada2/install/cartographer_launchers
